<!DOCTYPE HTML PUBLIC "-//W3C//DTD HTML 4.01 Transitional//EN">
<HTML>
 <HEAD>
   <TITLE> [Senf-dev] [Bug #14756] all_tests doesn't work 64bit
   </TITLE>
   <LINK REL="Index" HREF="http://lists.berlios.de/pipermail/senf-dev/2008-November/index.html" >
   <LINK REL="made" HREF="mailto:senf-dev%40lists.berlios.de?Subject=Re%3A%20%5BSenf-dev%5D%20%5BBug%20%2314756%5D%20all_tests%20doesn%27t%20work%2064bit&In-Reply-To=%3C200811041035.mA4AZYGm010180%40unicorn.berlios.de%3E">
   <META NAME="robots" CONTENT="index,nofollow">
   <style type="text/css">
       pre {
           white-space: pre-wrap;       /* css-2.1, curent FF, Opera, Safari */
           }
   </style>
   <META http-equiv="Content-Type" content="text/html; charset=us-ascii">
   <LINK REL="Previous"  HREF="000384.html">
   <LINK REL="Next"  HREF="000386.html">
 </HEAD>
 <BODY BGCOLOR="#ffffff">
   <H1>[Senf-dev] [Bug #14756] all_tests doesn't work 64bit</H1>
    <B>admin at berlios.de</B> 
    <A HREF="mailto:senf-dev%40lists.berlios.de?Subject=Re%3A%20%5BSenf-dev%5D%20%5BBug%20%2314756%5D%20all_tests%20doesn%27t%20work%2064bit&In-Reply-To=%3C200811041035.mA4AZYGm010180%40unicorn.berlios.de%3E"
       TITLE="[Senf-dev] [Bug #14756] all_tests doesn't work 64bit">admin at berlios.de
       </A><BR>
    <I>Tue Nov  4 11:35:34 CET 2008</I>
    <P><UL>
        <LI>Previous message: <A HREF="000384.html">[Senf-dev] [Bug #14754] shortcut '..' in Console doesn't work
</A></li>
        <LI>Next message: <A HREF="000386.html">[Senf-dev] [Bug #14760] Test Fail on Ubuntu 8.10
</A></li>
         <LI> <B>Messages sorted by:</B> 
              <a href="date.html#385">[ date ]</a>
              <a href="thread.html#385">[ thread ]</a>
              <a href="subject.html#385">[ subject ]</a>
              <a href="author.html#385">[ author ]</a>
         </LI>
       </UL>
    <HR>  
<!--beginarticle-->
<PRE>Bug #14756, was updated on 2008-Nov-04 11:35
Here is a current snapshot of the bug.

Project: SENF Network Framework
Category: all
Status: Open
Resolution: None
Bug Group: defect
Priority: 5
Submitted by: tho
Assigned to : none
Summary: all_tests doesn't work 64bit

Details: <A HREF="https://lists.berlios.de/mailman/listinfo/senf-dev">net at sisyphos</A>:/data0/senf$ scons all_tests
scons: Reading SConscript files ...
scons: done reading SConscript files.
scons: Building targets ...
g++ -o Packets/SafeIterator.test.o -c -O0 -g -Wall -Woverloaded-virtual -Wno-long-long -finline-limit=5000 -DSENF_DEBUG= -Iinclude Packets/SafeIterator.test.cc
/usr/include/boost/range/const_iterator.hpp: In instantiation of 'boost::range_const_iterator&lt;unsigned int&gt;':
Packets/PacketInterpreter.cti:96:   instantiated from 'static typename senf::PacketInterpreter&lt;PacketType&gt;::ptr senf::PacketInterpreter&lt;PacketType&gt;::create(const ForwardReadableRange&amp;) [with ForwardReadableRange = unsigned int, PacketType = &lt;unnamed&gt;::VoidPacket]'
Packets/SafeIterator.test.cc:44:   instantiated from here
/usr/include/boost/range/const_iterator.hpp:36: error: 'unsigned int' is not a class, struct, or union type
/usr/include/boost/range/iterator.hpp: In instantiation of 'boost::range_iterator&lt;unsigned int&gt;':
Packets/PacketInterpreter.cti:96:   instantiated from 'static typename senf::PacketInterpreter&lt;PacketType&gt;::ptr senf::PacketInterpreter&lt;PacketType&gt;::create(const ForwardReadableRange&amp;) [with ForwardReadableRange = unsigned int, PacketType = &lt;unnamed&gt;::VoidPacket]'
Packets/SafeIterator.test.cc:44:   instantiated from here
/usr/include/boost/range/iterator.hpp:37: error: 'unsigned int' is not a class, struct, or union type
Packets/PacketInterpreter.cti: In static member function 'static typename senf::PacketInterpreter&lt;PacketType&gt;::ptr senf::PacketInterpreter&lt;PacketType&gt;::create(const ForwardReadableRange&amp;) [with ForwardReadableRange = unsigned int, PacketType = &lt;unnamed&gt;::VoidPacket]':
Packets/SafeIterator.test.cc:44:   instantiated from here
Packets/PacketInterpreter.cti:96: error: no matching function for call to 'begin(const unsigned int&amp;)'
Packets/PacketInterpreter.cti:96: error: no matching function for call to 'end(const unsigned int&amp;)'
scons: *** [Packets/SafeIterator.test.o] Error 1
scons: building terminated because of errors.


For detailed info, follow this link:
<A HREF="http://developer.berlios.de/bugs/?func=detailbug&amp;bug_id=14756&amp;group_id=7489">http://developer.berlios.de/bugs/?func=detailbug&amp;bug_id=14756&amp;group_id=7489</A>

</PRE>

<!--endarticle-->
    <HR>
    <P><UL>
        <!--threads-->
	<LI>Previous message: <A HREF="000384.html">[Senf-dev] [Bug #14754] shortcut '..' in Console doesn't work
</A></li>
	<LI>Next message: <A HREF="000386.html">[Senf-dev] [Bug #14760] Test Fail on Ubuntu 8.10
</A></li>
         <LI> <B>Messages sorted by:</B> 
              <a href="date.html#385">[ date ]</a>
              <a href="thread.html#385">[ thread ]</a>
              <a href="subject.html#385">[ subject ]</a>
              <a href="author.html#385">[ author ]</a>
         </LI>
       </UL>

<hr>
<a href="https://lists.berlios.de/mailman/listinfo/senf-dev">More information about the Senf-dev
mailing list</a><br>
</body></html>
